[debug] [2026-02-14T22:51:18.095Z] ----------------------------------------------------------------------
[debug] [2026-02-14T22:51:18.097Z] Command:       /home/haschtl/.nvm/versions/node/v22.16.0/bin/node /home/haschtl/.nvm/versions/node/v22.16.0/bin/firebase init
[debug] [2026-02-14T22:51:18.097Z] CLI Version:   15.6.0
[debug] [2026-02-14T22:51:18.097Z] Platform:      linux
[debug] [2026-02-14T22:51:18.097Z] Node Version:  v22.16.0
[debug] [2026-02-14T22:51:18.097Z] Time:          Sat Feb 14 2026 23:51:18 GMT+0100 (Mitteleuropäische Normalzeit)
[debug] [2026-02-14T22:51:18.097Z] ----------------------------------------------------------------------
[debug] 
[info] 
     ######## #### ########  ######## ########     ###     ######  ########
     ##        ##  ##     ## ##       ##     ##  ##   ##  ##       ##
     ######    ##  ########  ######   ########  #########  ######  ######
     ##        ##  ##    ##  ##       ##     ## ##     ##       ## ##
     ##       #### ##     ## ######## ########  ##     ##  ######  ########

You're about to initialize a Firebase project in this directory:

  /home/haschtl/GIT/domora

[debug] [2026-02-14T22:51:46.107Z] ExitPromptError: User force closed the prompt with SIGINT
    at Interface.sigint (/home/haschtl/.nvm/versions/node/v22.16.0/lib/node_modules/firebase-tools/node_modules/@inquirer/core/dist/commonjs/lib/create-prompt.js:101:37)
    at Interface.emit (node:events:518:28)
    at [_ttyWrite] [as _ttyWrite] (node:internal/readline/interface:1128:18)
    at ReadStream.onkeypress (node:internal/readline/interface:267:20)
    at ReadStream.emit (node:events:530:35)
    at emitKeys (node:internal/readline/utils:370:14)
    at emitKeys.next (<anonymous>)
    at ReadStream.onData (node:internal/readline/emitKeypressEvents:64:36)
    at ReadStream.emit (node:events:518:28)
    at addChunk (node:internal/streams/readable:561:12)
[error] 
[error] Error: An unexpected error has occurred.
